<?xml version="1.0" encoding="UTF-8"?>
<testsuite name="FibonacciFinderTest" tests="4" skipped="0" failures="0" errors="0" timestamp="2020-03-30T10:01:46" hostname="PARAGs-MacBook-Pro.local" time="0.052">
  <properties/>
  <testcase name="fibonacci0_is0()" classname="FibonacciFinderTest" time="0.013"/>
  <testcase name="fibonacci2_is0And1And1And2()" classname="FibonacciFinderTest" time="0.001"/>
  <testcase name="fibonacci8_is0And1And1And2And3And5And8()" classname="FibonacciFinderTest" time="0.004"/>
  <testcase name="fibonacci1_is0And1()" classname="FibonacciFinderTest" time="0.003"/>
  <system-out><![CDATA[]]></system-out>
  <system-err><![CDATA[]]></system-err>
</testsuite>
