<?xml version="1.0" encoding="UTF-8"?>
<testsuite name="FactorialFinderTest" tests="4" skipped="0" failures="0" errors="0" timestamp="2020-03-30T10:01:46" hostname="PARAGs-MacBook-Pro.local" time="0.015">
  <properties/>
  <testcase name="factorialOf0_is1()" classname="FactorialFinderTest" time="0.005"/>
  <testcase name="factorialOf1_is1()" classname="FactorialFinderTest" time="0.002"/>
  <testcase name="factorialOf2_is2()" classname="FactorialFinderTest" time="0.001"/>
  <testcase name="factorialOf3_is6()" classname="FactorialFinderTest" time="0.001"/>
  <system-out><![CDATA[]]></system-out>
  <system-err><![CDATA[]]></system-err>
</testsuite>
